<?xml version="1.0" encoding="UTF-8"?>
<testsuite xmlns:xsi="http://www.w3.org/2001/XMLSchema-instance" xsi:noNamespaceSchemaLocation="https://maven.apache.org/surefire/maven-surefire-plugin/xsd/surefire-test-report.xsd" name="test.XxlJobExecutorExampleBootApplicationTests" time="0.161" tests="1" errors="1" skipped="0" failures="0">
  <properties>
[...]
</properties>
  <testcase name="test.XxlJobExecutorExampleBootApplicationTests" classname="test.XxlJobExecutorExampleBootApplicationTests" time="0.161">
    <error message="Unable to find a @SpringBootConfiguration, you need to use @ContextConfiguration or @SpringBootTest(classes=...) with your test" type="java.lang.IllegalStateException">java.lang.IllegalStateException: Unable to find a @SpringBootConfiguration, you need to use @ContextConfiguration or @SpringBootTest(classes=...) with your test
</error>
    <system-out><![CDATA[10:38:13.634 logback [main] INFO  o.s.b.t.c.SpringBootTestContextBootstrapper - Neither @ContextConfiguration nor @ContextHierarchy found for test class [test.XxlJobExecutorExampleBootApplicationTests], using SpringBootContextLoader
10:38:13.638 logback [main] INFO  o.s.t.c.s.AbstractContextLoader - Could not detect default resource locations for test class [test.XxlJobExecutorExampleBootApplicationTests]: no resource found for suffixes {-context.xml, Context.groovy}.
10:38:13.638 logback [main] INFO  o.s.t.c.s.AnnotationConfigContextLoaderUtils - Could not detect default configuration classes for test class [test.XxlJobExecutorExampleBootApplicationTests]: XxlJobExecutorExampleBootApplicationTests does not declare any static, non-private, non-final, nested classes annotated with @Configuration.
]]></system-out>
  </testcase>
</testsuite>