<?xml version="1.0" encoding="UTF-8"?>
<testsuite xmlns:xsi="http://www.w3.org/2001/XMLSchema-instance" xsi:noNamespaceSchemaLocation="https://maven.apache.org/surefire/maven-surefire-plugin/xsd/surefire-test-report.xsd" name="org.example.UserMapperTest" time="1.187" tests="2" errors="0" skipped="0" failures="0">
  <properties>
[...]
</properties>
  <testcase name="testInsert" classname="org.example.UserMapperTest" time="0.27"/>
  <testcase name="testSelectById" classname="org.example.UserMapperTest" time="0.009"/>
</testsuite>